
ROM used: 133 (6%)
          133 (6%) including unused fragments

          0 Average locations per line
          4 Average locations per statement

RAM used: 7 (5%) at main() level
          23 (18%) worst case

Stack used: 1 worst case (out of 16 total available)

Lines Stmts  %   Files
----- ----- ---  -----
   53    31 100  BlinkLed.c
  452     0   0  ..\..\..\..\..\..\Program Files (x86)\PICC\devices\16f1823.h
----- -----
  505    31 Total

Page ROM  %  RAM   Vol Diff  Functions:
---- --- --- ---   --- ----  ----------
0     21  16   1             @delay_ms1
0    109  82   1   900  5.8  main

Program metrics:
    Functions               1
    Statements              31
    Comments                94
    Volume (V)              902
    Difficilty (D)          5.7
    Effort to implement (E) 5165
    Time to implement (T)   5 minutes
    Est Delivered Bugs (B)  0
    Cyclomatic Complexity   7
    Maintainability (MI)    110

 Segment     Used  Free
-----------  ----  ----
00000-00002     3  0  
00003-007FF   130  1915  



