
ROM used: 360 (18%)
          360 (18%) including unused fragments

          1 Average locations per line
          30 Average locations per statement

RAM used: 9 (7%) at main() level
          29 (23%) worst case

Stack used: 2 worst case (out of 16 total available)

Lines Stmts  %   Files
----- ----- ---  -----
   32    12 100  master.c
  452     0   0  ..\..\..\..\..\..\Program Files (x86)\PICC\devices\16f1823.h
----- -----
  484    12 Total

Page ROM  %  RAM   Vol Diff  Functions:
---- --- --- ---   --- ----  ----------
0     21   6   1             @delay_ms1
0     46  13   1    32  1.0  @PUTCHAR_1_
0     21   6   1             @I2C_WRITEU_1
0     25   7   1   176  3.0  @I2C_READU_1
0     90  25   4   388  2.9  main
0     21   6   3             @DIV88
0     54  15   2             @PRINTF_U_61
0      6   2   0             @const86
0     73  20   4    67  1.6  @PSTRINGCN7_61

Program metrics:
    Functions               4
    Statements              12
    Comments                93
    Volume (V)              902
    Difficilty (D)          8.3
    Effort to implement (E) 7478
    Time to implement (T)   7 minutes
    Est Delivered Bugs (B)  0
    Cyclomatic Complexity   1
    Maintainability (MI)    171

 Segment     Used  Free
-----------  ----  ----
00000-00002     3  0  
00003-007FF   357  1688  



