
ROM used: 72 (4%)
          72 (4%) including unused fragments

          0 Average locations per line
          9 Average locations per statement

RAM used: 9 (7%) at main() level
          24 (19%) worst case

Stack used: 1 worst case (out of 16 total available)

Lines Stmts  %   Files
----- ----- ---  -----
   22     8 100  inttimer1.c
  452     0   0  ..\..\..\..\..\..\Program Files (x86)\PICC\devices\16f1823.h
----- -----
  474     8 Total

Page ROM  %  RAM   Vol Diff  Functions:
---- --- --- ---   --- ----  ----------
0     13  18   0    32  1.0  timer
0     29  40   0    98  2.1  MAIN

Program metrics:
    Functions               2
    Statements              8
    Comments                92
    Volume (V)              160
    Difficilty (D)          3.1
    Effort to implement (E) 497
    Time to implement (T)   0 minutes
    Est Delivered Bugs (B)  0
    Cyclomatic Complexity   1
    Maintainability (MI)    81

 Segment     Used  Free
-----------  ----  ----
00000-00002     3  0  
00003-00003     0  1  
00004-0001E    27  0  
0001F-007FF    42  1975  



