CCS PCM C Compiler, Version 4.120, 31882               07-oct.-18 13:55

               Filename: C:\Users\Public\Apoyos\DiseñoMecatrónico\PIC16F1823\Tareas\BlinkLedDirectivas\BlinkLed.lst

               ROM used: 60 words (3%)
                         Largest free fragment is 1988
               RAM used: 5 (4%) at main() level
                         21 (16%) worst case
               Stack:    1 locations

*
0000:  MOVLP  00
0001:  GOTO   018
0002:  NOP
.................... #include <16f1823.h> 
.................... //////// Standard Header file for the PIC16F1823 device //////////////// 
.................... #device PIC16F1823 
.................... #list 
....................  
.................... #fuses NOWDT, PUT, NOMCLR 
....................  
.................... // NOWDT - No Watch Dog 
.................... // PUT - Power UpTime 
.................... // NOMCLR - No Master Clear : Libera el puerto A3 de ser RESET y se le puede usar como cualquier otro PIN 
....................  
.................... #use fast_io(C) 
.................... #use delay(int = 32 000 000) 
0003:  MOVLW  20
0004:  MOVWF  05
0005:  MOVLW  05
0006:  MOVWF  04
0007:  MOVF   00,W
0008:  BTFSC  03.2
0009:  GOTO   017
000A:  MOVLW  0A
000B:  MOVWF  21
000C:  CLRF   20
000D:  DECFSZ 20,F
000E:  GOTO   00D
000F:  DECFSZ 21,F
0010:  GOTO   00C
0011:  MOVLW  5F
0012:  MOVWF  20
0013:  DECFSZ 20,F
0014:  GOTO   013
0015:  DECFSZ 00,F
0016:  GOTO   00A
0017:  RETURN
....................  
.................... int main (void) { 
0018:  CLRF   05
0019:  CLRF   04
001A:  MOVLW  1F
001B:  ANDWF  03,F
001C:  MOVLW  F4
001D:  MOVLB  01
001E:  MOVWF  19
001F:  MOVLB  03
0020:  CLRF   0C
0021:  CLRF   0E
0022:  MOVLB  02
0023:  CLRF   12
0024:  CLRF   11
0025:  CLRF   14
0026:  CLRF   13
....................    set_tris_C(0); 
0027:  MOVLW  00
0028:  MOVLB  01
0029:  MOVWF  0E
....................     
....................    for (;;) { 
....................    output_high(pin_c0); 
002A:  MOVLB  02
002B:  BSF    0E.0
....................    delay_ms(100); 
002C:  MOVLW  64
002D:  MOVLB  00
002E:  MOVWF  25
002F:  CALL   003
....................    output_low(pin_c0); 
0030:  MOVLB  02
0031:  BCF    0E.0
....................    delay_ms(100); 
0032:  MOVLW  64
0033:  MOVLB  00
0034:  MOVWF  25
0035:  CALL   003
....................    } 
0036:  MOVLB  01
0037:  GOTO   02A
....................  
....................    return (0); 
0038:  MOVLW  00
0039:  MOVLB  00
003A:  MOVWF  21
.................... } 
003B:  SLEEP

Configuration Fuses:
   Word  1: 3F84   INTRC_IO NOWDT PUT NOMCLR NOPROTECT NOCPD BROWNOUT NOCLKOUT IESO FCMEN
   Word  2: 1EFF   NOWRT PLL_SW STVREN BORV19 NODEBUG NOLVP
