
ROM used: 60 (3%)
          60 (3%) including unused fragments

          0 Average locations per line
          8 Average locations per statement

RAM used: 5 (4%) at main() level
          21 (16%) worst case

Stack used: 1 worst case (out of 16 total available)

Lines Stmts  %   Files
----- ----- ---  -----
   23     8 100  BlinkLed.c
  452     0   0  ..\..\..\..\..\..\..\Program Files (x86)\PICC\devices\16f1823.h
----- -----
  475     8 Total

Page ROM  %  RAM   Vol Diff  Functions:
---- --- --- ---   --- ----  ----------
0     21  35   1             @delay_ms1
0     36  60   0   136  2.1  main

Program metrics:
    Functions               1
    Statements              8
    Comments                95
    Volume (V)              138
    Difficilty (D)          2.0
    Effort to implement (E) 277
    Time to implement (T)   0 minutes
    Est Delivered Bugs (B)  0
    Cyclomatic Complexity   1
    Maintainability (MI)    140

 Segment     Used  Free
-----------  ----  ----
00000-00002     3  0  
00003-007FF    57  1988  



