
ROM used: 937 (46%)
          937 (46%) including unused fragments

          2 Average locations per line
          94 Average locations per statement

RAM used: 17 (13%) at main() level
          54 (42%) worst case

Stack used: 2 worst case (out of 16 total available)

Lines Stmts  %   Files
----- ----- ---  -----
   28    10 100  ADC.c
  452     0   0  ..\..\..\..\..\..\Program Files (x86)\PICC\devices\16F1823.H
----- -----
  480    10 Total

Page ROM  %  RAM   Vol Diff  Functions:
---- --- --- ---   --- ----  ----------
0     46   5   1             @PUTCHAR_1_
0    155  17  12   295  4.2  main
0     30   3   2             @ITOF
0    117  12  13             @MULFF
0    203  22  14             @DIVFF
0      8   1   0             @const80
0     73   8   4             @PSTRINGCN7_61
 Inline        5             @FTOSD
0     76   8  13             @DIV3232
0    226  24  13             @PRINTF_L32D_61FPFPF

Program metrics:
    Functions               1
    Statements              10
    Comments                98
    Volume (V)              313
    Difficilty (D)          3.1
    Effort to implement (E) 978
    Time to implement (T)   1 minutes
    Est Delivered Bugs (B)  0
    Cyclomatic Complexity   1
    Maintainability (MI)    122

 Segment     Used  Free
-----------  ----  ----
00000-00002     3  0  
00003-007FF   934  1111  



