
ROM used: 60 (3%)
          60 (3%) including unused fragments

          0 Average locations per line
          5 Average locations per statement

RAM used: 5 (4%) at main() level
          22 (17%) worst case

Stack used: 1 worst case (out of 16 total available)

Lines Stmts  %   Files
----- ----- ---  -----
   29    11 100  blinkc0.c
  452     0   0  ..\..\..\..\..\..\Program Files (x86)\PICC\devices\16f1823.h
----- -----
  481    11 Total

Page ROM  %  RAM   Vol Diff  Functions:
---- --- --- ---   --- ----  ----------
0     22  37   1             @delay_ms1
0     35  58   0   192  4.4  main

Program metrics:
    Functions               1
    Statements              11
    Comments                98
    Volume (V)              194
    Difficilty (D)          4.2
    Effort to implement (E) 818
    Time to implement (T)   1 minutes
    Est Delivered Bugs (B)  0
    Cyclomatic Complexity   1
    Maintainability (MI)    123

 Segment     Used  Free
-----------  ----  ----
00000-00002     3  0  
00003-007FF    57  1988  



