
ROM used: 110 (5%)
          110 (5%) including unused fragments

          0 Average locations per line
          8 Average locations per statement

RAM used: 9 (7%) at main() level
          26 (20%) worst case

Stack used: 2 worst case (out of 16 total available)

Lines Stmts  %   Files
----- ----- ---  -----
   31    13 100  blink_led_directivas.c
  452     0   0  ..\..\..\..\..\..\Program Files (x86)\PICC\devices\16f1823.h
----- -----
  483    13 Total

Page ROM  %  RAM   Vol Diff  Functions:
---- --- --- ---   --- ----  ----------
0     22  20   1             @delay_ms1
0     25  23   1   106  2.1  interrupcion
0     36  33   0   106  1.7  MAIN

Program metrics:
    Functions               2
    Statements              13
    Comments                92
    Volume (V)              267
    Difficilty (D)          3.6
    Effort to implement (E) 969
    Time to implement (T)   1 minutes
    Est Delivered Bugs (B)  0
    Cyclomatic Complexity   2
    Maintainability (MI)    71

 Segment     Used  Free
-----------  ----  ----
00000-00002     3  0  
00003-00003     0  1  
00004-0001B    24  0  
0001C-007FF    83  1937  



