
ROM used: 50 (2%)
          50 (2%) including unused fragments

          0 Average locations per line
          25 Average locations per statement

RAM used: 5 (4%) at main() level
          21 (16%) worst case

Stack used: 1 worst case (out of 16 total available)

Lines Stmts  %   Files
----- ----- ---  -----
   11     2 100  Blink_Led.c
  452     0   0  ..\..\..\..\..\..\Program Files (x86)\PICC\devices\16F1823.h
----- -----
  463     2 Total

Page ROM  %  RAM   Vol Diff  Functions:
---- --- --- ---   --- ----  ----------
0     22  44   1             @delay_ms1
0     25  50   0    32  1.0  main

Program metrics:
    Functions               1
    Statements              2
    Comments                92
    Volume (V)              33
    Difficilty (D)          0.9
    Effort to implement (E) 28
    Time to implement (T)   0 minutes
    Est Delivered Bugs (B)  0
    Cyclomatic Complexity   1
    Maintainability (MI)    179

 Segment     Used  Free
-----------  ----  ----
00000-00002     3  0  
00003-007FF    47  1998  



