
ROM used: 31 (2%)
          31 (2%) including unused fragments

          0 Average locations per line
          3 Average locations per statement

RAM used: 6 (5%) at main() level
          21 (16%) worst case

Stack used: 0 worst case (out of 16 total available)

Lines Stmts  %   Files
----- ----- ---  -----
   28    10 100  EntradaDigital.c
  452     0   0  ..\..\..\..\..\..\Program Files (x86)\PICC\devices\16f1823.h
----- -----
  480    10 Total

Page ROM  %  RAM   Vol Diff  Functions:
---- --- --- ---   --- ----  ----------
0     28  90   1   202  4.0  main

Program metrics:
    Functions               1
    Statements              10
    Comments                98
    Volume (V)              202
    Difficilty (D)          4.0
    Effort to implement (E) 813
    Time to implement (T)   1 minutes
    Est Delivered Bugs (B)  0
    Cyclomatic Complexity   1
    Maintainability (MI)    124

 Segment     Used  Free
-----------  ----  ----
00000-00002     3  0  
00003-007FF    28  2017  



