
ROM used: 271 (13%)
          271 (13%) including unused fragments

          1 Average locations per line
          27 Average locations per statement

RAM used: 9 (7%) at main() level
          29 (23%) worst case

Stack used: 2 worst case (out of 16 total available)

Lines Stmts  %   Files
----- ----- ---  -----
   33    10 100  I2C_Master.c
  452     0   0  ..\..\..\..\..\..\Program Files (x86)\PICC\devices\16F1823.h
----- -----
  485    10 Total

Page ROM  %  RAM   Vol Diff  Functions:
---- --- --- ---   --- ----  ----------
0     21   8   1             @delay_ms1
0     46  17   1             @PUTCHAR_1_
0     21   8   1             @I2C_WRITEU_1
0     25   9   1             @I2C_READU_1
0     77  28   0   228  3.1  main
0      5   2   0             @const79
0     73  27   4             @PSTRINGCN7_61

Program metrics:
    Functions               1
    Statements              10
    Comments                102
    Volume (V)              240
    Difficilty (D)          2.5
    Effort to implement (E) 587
    Time to implement (T)   1 minutes
    Est Delivered Bugs (B)  0
    Cyclomatic Complexity   1
    Maintainability (MI)    108

 Segment     Used  Free
-----------  ----  ----
00000-00002     3  0  
00003-007FF   268  1777  



