
ROM used: 113 (6%)
          113 (6%) including unused fragments

          0 Average locations per line
          14 Average locations per statement

RAM used: 10 (8%) at main() level
          27 (21%) worst case

Stack used: 1 worst case (out of 16 total available)

Lines Stmts  %   Files
----- ----- ---  -----
   28     8 100  I2C_Slave.c
  452     0   0  ..\..\..\..\..\..\Program Files (x86)\PICC\devices\16F1823.h
----- -----
  480     8 Total

Page ROM  %  RAM   Vol Diff  Functions:
---- --- --- ---   --- ----  ----------
 Inline        1             @I2C_WRITE_1
0     45  40   1    88  2.9  I2C
0     38  34   0    69  1.9  MAIN

Program metrics:
    Functions               2
    Statements              8
    Comments                98
    Volume (V)              197
    Difficilty (D)          4.6
    Effort to implement (E) 899
    Time to implement (T)   1 minutes
    Est Delivered Bugs (B)  0
    Cyclomatic Complexity   1
    Maintainability (MI)    75

 Segment     Used  Free
-----------  ----  ----
00000-00002     3  0  
00003-00003     0  1  
00004-0001E    27  0  
0001F-007FF    83  1934  



