
ROM used: 51 (2%)
          51 (2%) including unused fragments

          0 Average locations per line
          7 Average locations per statement

RAM used: 5 (4%) at main() level
          20 (16%) worst case

Stack used: 0 worst case (out of 16 total available)

Lines Stmts  %   Files
----- ----- ---  -----
   19     7 100  PWM.c
  452     0   0  ..\..\..\..\..\..\Program Files (x86)\PICC\devices\16F1823.h
----- -----
  471     7 Total

Page ROM  %  RAM   Vol Diff  Functions:
---- --- --- ---   --- ----  ----------
0     48  94   0   134  2.6  main

Program metrics:
    Functions               1
    Statements              7
    Comments                95
    Volume (V)              134
    Difficilty (D)          2.6
    Effort to implement (E) 345
    Time to implement (T)   0 minutes
    Est Delivered Bugs (B)  0
    Cyclomatic Complexity   1
    Maintainability (MI)    142

 Segment     Used  Free
-----------  ----  ----
00000-00002     3  0  
00003-007FF    48  1997  



