
ROM used: 77 (4%)
          77 (4%) including unused fragments

          0 Average locations per line
          4 Average locations per statement

RAM used: 6 (5%) at main() level
          23 (18%) worst case

Stack used: 1 worst case (out of 16 total available)

Lines Stmts  %   Files
----- ----- ---  -----
   43    21 100  StepMottor.c
  452     0   0  ..\..\..\..\..\..\Program Files (x86)\PICC\devices\16f1823.h
----- -----
  495    21 Total

Page ROM  %  RAM   Vol Diff  Functions:
---- --- --- ---   --- ----  ----------
0     21  27   1             @delay_ms1
0     53  69   1   511  3.8  main

Program metrics:
    Functions               1
    Statements              21
    Comments                95
    Volume (V)              513
    Difficilty (D)          3.7
    Effort to implement (E) 1912
    Time to implement (T)   2 minutes
    Est Delivered Bugs (B)  0
    Cyclomatic Complexity   2
    Maintainability (MI)    117

 Segment     Used  Free
-----------  ----  ----
00000-00002     3  0  
00003-007FF    74  1971  



