
ROM used: 184 (9%)
          184 (9%) including unused fragments

          0 Average locations per line
          3 Average locations per statement

RAM used: 8 (6%) at main() level
          23 (18%) worst case

Stack used: 1 worst case (out of 16 total available)

Lines Stmts  %   Files
----- ----- ---  -----
   97    56 100  ControlMotores.c
  452     0   0  ..\..\..\..\..\..\..\Program Files (x86)\PICC\devices\16F1823.H
----- -----
  549    56 Total

Page ROM  %  RAM   Vol Diff  Functions:
---- --- --- ---   --- ----  ----------
0     15   8   1   265  3.7  DC
0    101  55   2   885  7.3  BiStr
0     65  35   2   726  5.3  MAIN

Program metrics:
    Functions               3
    Statements              56
    Comments                102
    Volume (V)              2342
    Difficilty (D)          16.3
    Effort to implement (E) 38136
    Time to implement (T)   35 minutes
    Est Delivered Bugs (B)  0
    Cyclomatic Complexity   10
    Maintainability (MI)    107

 Segment     Used  Free
-----------  ----  ----
00000-00002     3  0  
00003-007FF   181  1864  



