
ROM used: 92 (4%)
          92 (4%) including unused fragments

          0 Average locations per line
          8 Average locations per statement

RAM used: 5 (4%) at main() level
          21 (16%) worst case

Stack used: 1 worst case (out of 16 total available)

Lines Stmts  %   Files
----- ----- ---  -----
   37    12 100  Maestro.c
  452     0   0  ..\..\..\..\..\..\..\Program Files (x86)\PICC\devices\16F1823.H
----- -----
  489    12 Total

Page ROM  %  RAM   Vol Diff  Functions:
---- --- --- ---   --- ----  ----------
0     22  24   1             @delay_ms1
0     67  73   0   377  3.3  main

Program metrics:
    Functions               1
    Statements              12
    Comments                97
    Volume (V)              380
    Difficilty (D)          3.2
    Effort to implement (E) 1219
    Time to implement (T)   1 minutes
    Est Delivered Bugs (B)  0
    Cyclomatic Complexity   1
    Maintainability (MI)    121

 Segment     Used  Free
-----------  ----  ----
00000-00002     3  0  
00003-007FF    89  1956  



