
ROM used: 194 (9%)
          194 (9%) including unused fragments

          0 Average locations per line
          5 Average locations per statement

RAM used: 17 (13%) at main() level
          33 (26%) worst case

Stack used: 2 worst case (out of 16 total available)

Lines Stmts  %   Files
----- ----- ---  -----
   62    37 100  Cronometro.c
  452     0   0  ..\..\..\..\..\..\Program Files (x86)\PICC\devices\16f1823.h
----- -----
  514    37 Total

Page ROM  %  RAM   Vol Diff  Functions:
---- --- --- ---   --- ----  ----------
0     21  11   1             @delay_ms1
0     19  10   1             @delay_us1
0     33  17   0   209  3.2  timer
0     94  48   1   536  3.8  MAIN

Program metrics:
    Functions               2
    Statements              37
    Comments                92
    Volume (V)              875
    Difficilty (D)          6.8
    Effort to implement (E) 5965
    Time to implement (T)   6 minutes
    Est Delivered Bugs (B)  0
    Cyclomatic Complexity   5
    Maintainability (MI)    47

 Segment     Used  Free
-----------  ----  ----
00000-00002     3  0  
00003-00003     0  1  
00004-0001B    24  0  
0001C-007FF   167  1853  



