
ROM used: 112 (5%)
          112 (5%) including unused fragments

          0 Average locations per line
          8 Average locations per statement

RAM used: 11 (9%) at main() level
          27 (21%) worst case

Stack used: 2 worst case (out of 16 total available)

Lines Stmts  %   Files
----- ----- ---  -----
   30    14 100  Timer0 int.c
  452     0   0  ..\..\..\..\..\..\Program Files (x86)\PICC\devices\16f1823.h
----- -----
  482    14 Total

Page ROM  %  RAM   Vol Diff  Functions:
---- --- --- ---   --- ----  ----------
0     22  20   1             @delay_ms1
0     24  21   0    96  2.9  timer
0     39  35   0   141  2.2  MAIN

Program metrics:
    Functions               2
    Statements              14
    Comments                92
    Volume (V)              293
    Difficilty (D)          4.9
    Effort to implement (E) 1443
    Time to implement (T)   1 minutes
    Est Delivered Bugs (B)  0
    Cyclomatic Complexity   1
    Maintainability (MI)    69

 Segment     Used  Free
-----------  ----  ----
00000-00002     3  0  
00003-00003     0  1  
00004-0001B    24  0  
0001C-007FF    85  1935  



