
ROM used: 19 (1%)
          19 (1%) including unused fragments

          0 Average locations per line
          19 Average locations per statement

RAM used: 5 (4%) at main() level
          20 (16%) worst case

Stack used: 0 worst case (out of 16 total available)

Lines Stmts  %   Files
----- ----- ---  -----
   12     1 100  Termometro.c
  452     0   0  ..\..\..\..\..\..\..\Program Files (x86)\PICC\devices\16f1823.h
----- -----
  464     1 Total

Page ROM  %  RAM   Vol Diff  Functions:
---- --- --- ---   --- ----  ----------
0     16  84   0    17  1.3  main

Program metrics:
    Functions               1
    Statements              1
    Comments                92
    Volume (V)              17
    Difficilty (D)          1.3
    Effort to implement (E) 22
    Time to implement (T)   0 minutes
    Est Delivered Bugs (B)  0
    Cyclomatic Complexity   1
    Maintainability (MI)    194

 Segment     Used  Free
-----------  ----  ----
00000-00002     3  0  
00003-007FF    16  2029  



