
ROM used: 56 (3%)
          56 (3%) including unused fragments

          0 Average locations per line
          11 Average locations per statement

RAM used: 9 (7%) at main() level
          24 (19%) worst case

Stack used: 1 worst case (out of 16 total available)

Lines Stmts  %   Files
----- ----- ---  -----
   22     5 100  int_exte.c
  452     0   0  ..\..\..\..\..\..\Program Files (x86)\PICC\devices\16f1823.h
----- -----
  474     5 Total

Page ROM  %  RAM   Vol Diff  Functions:
---- --- --- ---   --- ----  ----------
0      9  16   0    17  0.8  ext
0     20  36   0    48  1.4  MAIN

Program metrics:
    Functions               2
    Statements              5
    Comments                92
    Volume (V)              83
    Difficilty (D)          2.2
    Effort to implement (E) 186
    Time to implement (T)   0 minutes
    Est Delivered Bugs (B)  0
    Cyclomatic Complexity   1
    Maintainability (MI)    92

 Segment     Used  Free
-----------  ----  ----
00000-00002     3  0  
00003-00003     0  1  
00004-0001B    24  0  
0001C-007FF    29  1991  



